C:\Users\user\Desktop\necklace\necklace\VisualGDB\Debug\adc.dep
C:\Users\user\Desktop\necklace\necklace\VisualGDB\Debug\adc.gcc.rsp
C:\Users\user\Desktop\necklace\necklace\VisualGDB\Debug\adc.o
C:\Users\user\Desktop\necklace\necklace\VisualGDB\Debug\diskio.dep
C:\Users\user\Desktop\necklace\necklace\VisualGDB\Debug\diskio.gcc.rsp
C:\Users\user\Desktop\necklace\necklace\VisualGDB\Debug\diskio.o
C:\Users\user\Desktop\necklace\necklace\VisualGDB\Debug\fat.dep
C:\Users\user\Desktop\necklace\necklace\VisualGDB\Debug\fat.gcc.rsp
C:\Users\user\Desktop\necklace\necklace\VisualGDB\Debug\fat.o
C:\Users\user\Desktop\necklace\necklace\VisualGDB\Debug\fatfs_sd_sdio.dep
C:\Users\user\Desktop\necklace\necklace\VisualGDB\Debug\fatfs_sd_sdio.gcc.rsp
C:\Users\user\Desktop\necklace\necklace\VisualGDB\Debug\fatfs_sd_sdio.o
C:\Users\user\Desktop\necklace\necklace\VisualGDB\Debug\ff.dep
C:\Users\user\Desktop\necklace\necklace\VisualGDB\Debug\ff.gcc.rsp
C:\Users\user\Desktop\necklace\necklace\VisualGDB\Debug\ff.o
C:\Users\user\Desktop\necklace\necklace\VisualGDB\Debug\gpio.dep
C:\Users\user\Desktop\necklace\necklace\VisualGDB\Debug\gpio.gcc.rsp
C:\Users\user\Desktop\necklace\necklace\VisualGDB\Debug\gpio.o
C:\Users\user\Desktop\necklace\necklace\VisualGDB\Debug\init.dep
C:\Users\user\Desktop\necklace\necklace\VisualGDB\Debug\init.gcc.rsp
C:\Users\user\Desktop\necklace\necklace\VisualGDB\Debug\init.o
C:\Users\user\Desktop\necklace\necklace\VisualGDB\Debug\main.dep
C:\Users\user\Desktop\necklace\necklace\VisualGDB\Debug\main.gcc.rsp
C:\Users\user\Desktop\necklace\necklace\VisualGDB\Debug\main.o
C:\Users\user\Desktop\necklace\necklace\VisualGDB\Debug\misc.dep
C:\Users\user\Desktop\necklace\necklace\VisualGDB\Debug\misc.gcc.rsp
C:\Users\user\Desktop\necklace\necklace\VisualGDB\Debug\misc.o
C:\Users\user\Desktop\necklace\necklace\VisualGDB\Debug\necklace.alldeps
C:\Users\user\Desktop\necklace\necklace\VisualGDB\Debug\startup_stm32f407xx.dep
C:\Users\user\Desktop\necklace\necklace\VisualGDB\Debug\startup_stm32f407xx.gcc.rsp
C:\Users\user\Desktop\necklace\necklace\VisualGDB\Debug\startup_stm32f407xx.o
C:\Users\user\Desktop\necklace\necklace\VisualGDB\Debug\stm32f4xx_adc.dep
C:\Users\user\Desktop\necklace\necklace\VisualGDB\Debug\stm32f4xx_adc.gcc.rsp
C:\Users\user\Desktop\necklace\necklace\VisualGDB\Debug\stm32f4xx_adc.o
C:\Users\user\Desktop\necklace\necklace\VisualGDB\Debug\stm32f4xx_can.dep
C:\Users\user\Desktop\necklace\necklace\VisualGDB\Debug\stm32f4xx_can.gcc.rsp
C:\Users\user\Desktop\necklace\necklace\VisualGDB\Debug\stm32f4xx_can.o
C:\Users\user\Desktop\necklace\necklace\VisualGDB\Debug\stm32f4xx_cec.dep
C:\Users\user\Desktop\necklace\necklace\VisualGDB\Debug\stm32f4xx_cec.gcc.rsp
C:\Users\user\Desktop\necklace\necklace\VisualGDB\Debug\stm32f4xx_cec.o
C:\Users\user\Desktop\necklace\necklace\VisualGDB\Debug\stm32f4xx_crc.dep
C:\Users\user\Desktop\necklace\necklace\VisualGDB\Debug\stm32f4xx_crc.gcc.rsp
C:\Users\user\Desktop\necklace\necklace\VisualGDB\Debug\stm32f4xx_crc.o
C:\Users\user\Desktop\necklace\necklace\VisualGDB\Debug\stm32f4xx_cryp.dep
C:\Users\user\Desktop\necklace\necklace\VisualGDB\Debug\stm32f4xx_cryp.gcc.rsp
C:\Users\user\Desktop\necklace\necklace\VisualGDB\Debug\stm32f4xx_cryp.o
C:\Users\user\Desktop\necklace\necklace\VisualGDB\Debug\stm32f4xx_cryp_aes.dep
C:\Users\user\Desktop\necklace\necklace\VisualGDB\Debug\stm32f4xx_cryp_aes.gcc.rsp
C:\Users\user\Desktop\necklace\necklace\VisualGDB\Debug\stm32f4xx_cryp_aes.o
C:\Users\user\Desktop\necklace\necklace\VisualGDB\Debug\stm32f4xx_cryp_des.dep
C:\Users\user\Desktop\necklace\necklace\VisualGDB\Debug\stm32f4xx_cryp_des.gcc.rsp
C:\Users\user\Desktop\necklace\necklace\VisualGDB\Debug\stm32f4xx_cryp_des.o
C:\Users\user\Desktop\necklace\necklace\VisualGDB\Debug\stm32f4xx_cryp_tdes.dep
C:\Users\user\Desktop\necklace\necklace\VisualGDB\Debug\stm32f4xx_cryp_tdes.gcc.rsp
C:\Users\user\Desktop\necklace\necklace\VisualGDB\Debug\stm32f4xx_cryp_tdes.o
C:\Users\user\Desktop\necklace\necklace\VisualGDB\Debug\stm32f4xx_dac.dep
C:\Users\user\Desktop\necklace\necklace\VisualGDB\Debug\stm32f4xx_dac.gcc.rsp
C:\Users\user\Desktop\necklace\necklace\VisualGDB\Debug\stm32f4xx_dac.o
C:\Users\user\Desktop\necklace\necklace\VisualGDB\Debug\stm32f4xx_dbgmcu.dep
C:\Users\user\Desktop\necklace\necklace\VisualGDB\Debug\stm32f4xx_dbgmcu.gcc.rsp
C:\Users\user\Desktop\necklace\necklace\VisualGDB\Debug\stm32f4xx_dbgmcu.o
C:\Users\user\Desktop\necklace\necklace\VisualGDB\Debug\stm32f4xx_dcmi.dep
C:\Users\user\Desktop\necklace\necklace\VisualGDB\Debug\stm32f4xx_dcmi.gcc.rsp
C:\Users\user\Desktop\necklace\necklace\VisualGDB\Debug\stm32f4xx_dcmi.o
C:\Users\user\Desktop\necklace\necklace\VisualGDB\Debug\stm32f4xx_dfsdm.dep
C:\Users\user\Desktop\necklace\necklace\VisualGDB\Debug\stm32f4xx_dfsdm.gcc.rsp
C:\Users\user\Desktop\necklace\necklace\VisualGDB\Debug\stm32f4xx_dfsdm.o
C:\Users\user\Desktop\necklace\necklace\VisualGDB\Debug\stm32f4xx_dma.dep
C:\Users\user\Desktop\necklace\necklace\VisualGDB\Debug\stm32f4xx_dma.gcc.rsp
C:\Users\user\Desktop\necklace\necklace\VisualGDB\Debug\stm32f4xx_dma.o
C:\Users\user\Desktop\necklace\necklace\VisualGDB\Debug\stm32f4xx_dma2d.dep
C:\Users\user\Desktop\necklace\necklace\VisualGDB\Debug\stm32f4xx_dma2d.gcc.rsp
C:\Users\user\Desktop\necklace\necklace\VisualGDB\Debug\stm32f4xx_dma2d.o
C:\Users\user\Desktop\necklace\necklace\VisualGDB\Debug\stm32f4xx_dsi.dep
C:\Users\user\Desktop\necklace\necklace\VisualGDB\Debug\stm32f4xx_dsi.gcc.rsp
C:\Users\user\Desktop\necklace\necklace\VisualGDB\Debug\stm32f4xx_dsi.o
C:\Users\user\Desktop\necklace\necklace\VisualGDB\Debug\stm32f4xx_exti.dep
C:\Users\user\Desktop\necklace\necklace\VisualGDB\Debug\stm32f4xx_exti.gcc.rsp
C:\Users\user\Desktop\necklace\necklace\VisualGDB\Debug\stm32f4xx_exti.o
C:\Users\user\Desktop\necklace\necklace\VisualGDB\Debug\stm32f4xx_flash.dep
C:\Users\user\Desktop\necklace\necklace\VisualGDB\Debug\stm32f4xx_flash.gcc.rsp
C:\Users\user\Desktop\necklace\necklace\VisualGDB\Debug\stm32f4xx_flash.o
C:\Users\user\Desktop\necklace\necklace\VisualGDB\Debug\stm32f4xx_flash_ramfunc.dep
C:\Users\user\Desktop\necklace\necklace\VisualGDB\Debug\stm32f4xx_flash_ramfunc.gcc.rsp
C:\Users\user\Desktop\necklace\necklace\VisualGDB\Debug\stm32f4xx_flash_ramfunc.o
C:\Users\user\Desktop\necklace\necklace\VisualGDB\Debug\stm32f4xx_fmpi2c.dep
C:\Users\user\Desktop\necklace\necklace\VisualGDB\Debug\stm32f4xx_fmpi2c.gcc.rsp
C:\Users\user\Desktop\necklace\necklace\VisualGDB\Debug\stm32f4xx_fmpi2c.o
C:\Users\user\Desktop\necklace\necklace\VisualGDB\Debug\stm32f4xx_fsmc.dep
C:\Users\user\Desktop\necklace\necklace\VisualGDB\Debug\stm32f4xx_fsmc.gcc.rsp
C:\Users\user\Desktop\necklace\necklace\VisualGDB\Debug\stm32f4xx_fsmc.o
C:\Users\user\Desktop\necklace\necklace\VisualGDB\Debug\stm32f4xx_gpio.dep
C:\Users\user\Desktop\necklace\necklace\VisualGDB\Debug\stm32f4xx_gpio.gcc.rsp
C:\Users\user\Desktop\necklace\necklace\VisualGDB\Debug\stm32f4xx_gpio.o
C:\Users\user\Desktop\necklace\necklace\VisualGDB\Debug\stm32f4xx_hash.dep
C:\Users\user\Desktop\necklace\necklace\VisualGDB\Debug\stm32f4xx_hash.gcc.rsp
C:\Users\user\Desktop\necklace\necklace\VisualGDB\Debug\stm32f4xx_hash.o
C:\Users\user\Desktop\necklace\necklace\VisualGDB\Debug\stm32f4xx_hash_md5.dep
C:\Users\user\Desktop\necklace\necklace\VisualGDB\Debug\stm32f4xx_hash_md5.gcc.rsp
C:\Users\user\Desktop\necklace\necklace\VisualGDB\Debug\stm32f4xx_hash_md5.o
C:\Users\user\Desktop\necklace\necklace\VisualGDB\Debug\stm32f4xx_hash_sha1.dep
C:\Users\user\Desktop\necklace\necklace\VisualGDB\Debug\stm32f4xx_hash_sha1.gcc.rsp
C:\Users\user\Desktop\necklace\necklace\VisualGDB\Debug\stm32f4xx_hash_sha1.o
C:\Users\user\Desktop\necklace\necklace\VisualGDB\Debug\stm32f4xx_i2c.dep
C:\Users\user\Desktop\necklace\necklace\VisualGDB\Debug\stm32f4xx_i2c.gcc.rsp
C:\Users\user\Desktop\necklace\necklace\VisualGDB\Debug\stm32f4xx_i2c.o
C:\Users\user\Desktop\necklace\necklace\VisualGDB\Debug\stm32f4xx_iwdg.dep
C:\Users\user\Desktop\necklace\necklace\VisualGDB\Debug\stm32f4xx_iwdg.gcc.rsp
C:\Users\user\Desktop\necklace\necklace\VisualGDB\Debug\stm32f4xx_iwdg.o
C:\Users\user\Desktop\necklace\necklace\VisualGDB\Debug\stm32f4xx_lptim.dep
C:\Users\user\Desktop\necklace\necklace\VisualGDB\Debug\stm32f4xx_lptim.gcc.rsp
C:\Users\user\Desktop\necklace\necklace\VisualGDB\Debug\stm32f4xx_lptim.o
C:\Users\user\Desktop\necklace\necklace\VisualGDB\Debug\stm32f4xx_ltdc.dep
C:\Users\user\Desktop\necklace\necklace\VisualGDB\Debug\stm32f4xx_ltdc.gcc.rsp
C:\Users\user\Desktop\necklace\necklace\VisualGDB\Debug\stm32f4xx_ltdc.o
C:\Users\user\Desktop\necklace\necklace\VisualGDB\Debug\stm32f4xx_pwr.dep
C:\Users\user\Desktop\necklace\necklace\VisualGDB\Debug\stm32f4xx_pwr.gcc.rsp
C:\Users\user\Desktop\necklace\necklace\VisualGDB\Debug\stm32f4xx_pwr.o
C:\Users\user\Desktop\necklace\necklace\VisualGDB\Debug\stm32f4xx_qspi.dep
C:\Users\user\Desktop\necklace\necklace\VisualGDB\Debug\stm32f4xx_qspi.gcc.rsp
C:\Users\user\Desktop\necklace\necklace\VisualGDB\Debug\stm32f4xx_qspi.o
C:\Users\user\Desktop\necklace\necklace\VisualGDB\Debug\stm32f4xx_rcc.dep
C:\Users\user\Desktop\necklace\necklace\VisualGDB\Debug\stm32f4xx_rcc.gcc.rsp
C:\Users\user\Desktop\necklace\necklace\VisualGDB\Debug\stm32f4xx_rcc.o
C:\Users\user\Desktop\necklace\necklace\VisualGDB\Debug\stm32f4xx_rng.dep
C:\Users\user\Desktop\necklace\necklace\VisualGDB\Debug\stm32f4xx_rng.gcc.rsp
C:\Users\user\Desktop\necklace\necklace\VisualGDB\Debug\stm32f4xx_rng.o
C:\Users\user\Desktop\necklace\necklace\VisualGDB\Debug\stm32f4xx_rtc.dep
C:\Users\user\Desktop\necklace\necklace\VisualGDB\Debug\stm32f4xx_rtc.gcc.rsp
C:\Users\user\Desktop\necklace\necklace\VisualGDB\Debug\stm32f4xx_rtc.o
C:\Users\user\Desktop\necklace\necklace\VisualGDB\Debug\stm32f4xx_sai.dep
C:\Users\user\Desktop\necklace\necklace\VisualGDB\Debug\stm32f4xx_sai.gcc.rsp
C:\Users\user\Desktop\necklace\necklace\VisualGDB\Debug\stm32f4xx_sai.o
C:\Users\user\Desktop\necklace\necklace\VisualGDB\Debug\stm32f4xx_sdio.dep
C:\Users\user\Desktop\necklace\necklace\VisualGDB\Debug\stm32f4xx_sdio.gcc.rsp
C:\Users\user\Desktop\necklace\necklace\VisualGDB\Debug\stm32f4xx_sdio.o
C:\Users\user\Desktop\necklace\necklace\VisualGDB\Debug\stm32f4xx_spdifrx.dep
C:\Users\user\Desktop\necklace\necklace\VisualGDB\Debug\stm32f4xx_spdifrx.gcc.rsp
C:\Users\user\Desktop\necklace\necklace\VisualGDB\Debug\stm32f4xx_spdifrx.o
C:\Users\user\Desktop\necklace\necklace\VisualGDB\Debug\stm32f4xx_spi.dep
C:\Users\user\Desktop\necklace\necklace\VisualGDB\Debug\stm32f4xx_spi.gcc.rsp
C:\Users\user\Desktop\necklace\necklace\VisualGDB\Debug\stm32f4xx_spi.o
C:\Users\user\Desktop\necklace\necklace\VisualGDB\Debug\stm32f4xx_syscfg.dep
C:\Users\user\Desktop\necklace\necklace\VisualGDB\Debug\stm32f4xx_syscfg.gcc.rsp
C:\Users\user\Desktop\necklace\necklace\VisualGDB\Debug\stm32f4xx_syscfg.o
C:\Users\user\Desktop\necklace\necklace\VisualGDB\Debug\stm32f4xx_tim.dep
C:\Users\user\Desktop\necklace\necklace\VisualGDB\Debug\stm32f4xx_tim.gcc.rsp
C:\Users\user\Desktop\necklace\necklace\VisualGDB\Debug\stm32f4xx_tim.o
C:\Users\user\Desktop\necklace\necklace\VisualGDB\Debug\stm32f4xx_usart.dep
C:\Users\user\Desktop\necklace\necklace\VisualGDB\Debug\stm32f4xx_usart.gcc.rsp
C:\Users\user\Desktop\necklace\necklace\VisualGDB\Debug\stm32f4xx_usart.o
C:\Users\user\Desktop\necklace\necklace\VisualGDB\Debug\stm32f4xx_wwdg.dep
C:\Users\user\Desktop\necklace\necklace\VisualGDB\Debug\stm32f4xx_wwdg.gcc.rsp
C:\Users\user\Desktop\necklace\necklace\VisualGDB\Debug\stm32f4xx_wwdg.o
C:\Users\user\Desktop\necklace\necklace\VisualGDB\Debug\syscall.dep
C:\Users\user\Desktop\necklace\necklace\VisualGDB\Debug\syscall.gcc.rsp
C:\Users\user\Desktop\necklace\necklace\VisualGDB\Debug\syscall.o
C:\Users\user\Desktop\necklace\necklace\VisualGDB\Debug\system_stm32f4xx.dep
C:\Users\user\Desktop\necklace\necklace\VisualGDB\Debug\system_stm32f4xx.gcc.rsp
C:\Users\user\Desktop\necklace\necklace\VisualGDB\Debug\system_stm32f4xx.o
C:\Users\user\Desktop\necklace\necklace\VisualGDB\Debug\tm_stm32f4_delay.dep
C:\Users\user\Desktop\necklace\necklace\VisualGDB\Debug\tm_stm32f4_delay.gcc.rsp
C:\Users\user\Desktop\necklace\necklace\VisualGDB\Debug\tm_stm32f4_delay.o
C:\Users\user\Desktop\necklace\necklace\VisualGDB\Debug\tm_stm32f4_disco.dep
C:\Users\user\Desktop\necklace\necklace\VisualGDB\Debug\tm_stm32f4_disco.gcc.rsp
C:\Users\user\Desktop\necklace\necklace\VisualGDB\Debug\tm_stm32f4_disco.o
C:\Users\user\Desktop\necklace\necklace\VisualGDB\Debug\tm_stm32f4_fatfs.dep
C:\Users\user\Desktop\necklace\necklace\VisualGDB\Debug\tm_stm32f4_fatfs.gcc.rsp
C:\Users\user\Desktop\necklace\necklace\VisualGDB\Debug\tm_stm32f4_fatfs.o
C:\Users\user\Desktop\necklace\necklace\VisualGDB\Debug\tm_stm32f4_gpio.dep
C:\Users\user\Desktop\necklace\necklace\VisualGDB\Debug\tm_stm32f4_gpio.gcc.rsp
C:\Users\user\Desktop\necklace\necklace\VisualGDB\Debug\tm_stm32f4_gpio.o
C:\Users\user\Desktop\necklace\necklace\VisualGDB\Debug\unicode.dep
C:\Users\user\Desktop\necklace\necklace\VisualGDB\Debug\unicode.gcc.rsp
C:\Users\user\Desktop\necklace\necklace\VisualGDB\Debug\unicode.o
C:\Users\user\Desktop\necklace\necklace\VisualGDB\Debug\utils.dep
C:\Users\user\Desktop\necklace\necklace\VisualGDB\Debug\utils.gcc.rsp
C:\Users\user\Desktop\necklace\necklace\VisualGDB\Debug\utils.o
C:\Users\user\Desktop\necklace\VisualGDB\Debug\necklace
C:\Users\user\Desktop\necklace\VisualGDB\Debug\necklace.bin
C:\Users\user\Desktop\necklace\VisualGDB\Debug\necklace.link.rsp
C:\Users\user\Desktop\necklace\VisualGDB\Debug\necklace.mkbin.rsp
